<?xml version="1.0" encoding="UTF-8"?>
<!-- Generated by org.testng.reporters.JUnitReportReporter -->
<testsuite hostname="Stephanies-MacBook-Air.local" failures="0" tests="1" name="com.steph.app.PlaygroundTest" time="4.374" errors="0" timestamp="2023-07-30T17:54:12 EDT" skipped="0">
  <testcase classname="com.steph.app.PlaygroundTest" name="endToEndTest" time="4.374"/>
</testsuite> <!-- com.steph.app.PlaygroundTest -->
